3.598318255809848409e+01
1.958325127640839369e+01
5.579976619014068007e+01
4.946645939436604777e+01
5.068312096302801706e+01
3.954983427992945622e+01
6.598305685387303754e+01
2.869987974295765909e+01
6.581639088556318029e+01
1.301661212499996090e+01
2.828321482218301242e+01
2.816654864436611305e+01
2.294990383626753783e+01
3.778317501584496085e+01
-2.701525279404148536e-02
-2.321724044365199024e-02
-2.020341277470857552e-02
-1.595590587054124265e-02
-1.297417951817495842e-02
-7.622583954748597505e-03
-5.547137278416260260e-03
4.561798110905632814e-04
3.464080423298547280e-03
8.902766384464213395e-03
1.335078672407980296e-02
1.850695284979436001e-02
2.462200313415728939e-02
2.995427726479460775e-02
6.744199027327466922e+01
6.615746689361702693e+01
6.515205887096773552e+01
6.375662284366576671e+01
6.279245406116408645e+01
6.109441563421827226e+01
6.044724743622126795e+01
5.861107206736353703e+01
5.771133208407191972e+01
5.611873713188219881e+01
5.484933535651148162e+01
5.341502248520710339e+01
5.176544763979665476e+01
5.037214768416409783e+01
6.865427798560868045e-01
2.346889729032458849e+00
7.691550194052023670e-01
5.740102302967433623e+00
4.323936697906243243e-01
4.412021082992577448e+00
2.316895748822867807e-01
8.035713072473638086e-03
6.940896841973863474e+00
6.810193445201473406e-02
2.827038884732827828e+00
2.915819167393047251e-01
2.149619676341727015e+00
5.970028183398488064e-01
